<?xml version="1.0" encoding="UTF-8"?>
<!-- Generated by org.testng.reporters.JUnitReportReporter -->
<testsuite skipped="0" hostname="DESKTOP-5M7RJ3P" name="testAmazon.LoginAmazon" tests="1" failures="0" timestamp="19 May 2018 15:36:03 GMT" time="15.853" errors="0">
  <testcase name="loginAmazon" time="15.853" classname="testAmazon.LoginAmazon"/>
</testsuite> <!-- testAmazon.LoginAmazon -->
